
> mandanten-portal@0.1.1 start
> react-scripts start

(node:18152) [DEP_WEBPACK_DEV_SERVER_ON_AFTER_SETUP_MIDDLEWARE] DeprecationWarning: 'onAfterSetupMiddleware' option is deprecated. Please use the 'setupMiddlewares' option.
(Use `node --trace-deprecation ...` to show where the warning was created)
(node:18152) [DEP_WEBPACK_DEV_SERVER_ON_BEFORE_SETUP_MIDDLEWARE] DeprecationWarning: 'onBeforeSetupMiddleware' option is deprecated. Please use the 'setupMiddlewares' option.
Starting the development server...

Compiled successfully!

You can now view mandanten-portal in the browser.

  Local:            http://localhost:3000
  On Your Network:  http://192.168.178.74:3000

Note that the development build is not optimized.
To create a production build, use npm run build.

webpack compiled successfully
Files successfully emitted, waiting for typecheck results...
Issues checking in progress...
No issues found.
Compiling...
Compiled successfully!
webpack compiled successfully
No issues found.
Compiling...
Compiled with warnings.

[eslint] 
src/admin/components/InsolvenzantragDownloadButton.tsx
  Line 35:6:  React Hook useEffect has a missing dependency: 'checkPrerequisites'. Either include it or remove the dependency array  react-hooks/exhaustive-deps

Search for the keywords to learn more about each warning.
To ignore, add // eslint-disable-next-line to the line before.

WARNING in [eslint] 
src/admin/components/InsolvenzantragDownloadButton.tsx
  Line 35:6:  React Hook useEffect has a missing dependency: 'checkPrerequisites'. Either include it or remove the dependency array  react-hooks/exhaustive-deps

webpack compiled with 1 warning
ERROR in src/admin/components/InsolvenzantragDownloadButton.tsx:133:9
TS2322: Type '(downloadType?: 'basic' | 'creditor-package' | 'complete') => Promise<void>' is not assignable to type 'MouseEventHandler<HTMLButtonElement>'.
  Types of parameters 'downloadType' and 'event' are incompatible.
    Type 'MouseEvent<HTMLButtonElement, MouseEvent>' is not assignable to type '"basic" | "creditor-package" | "complete" | undefined'.
    131 |     <div className={`relative ${className}`}>
    132 |       <button
  > 133 |         onClick={handleDownload}
        |         ^^^^^^^
    134 |         disabled={isLoading || !prerequisites?.canGenerateInsolvenzantrag}
    135 |         className={`
    136 |           flex items-center space-x-2 px-4 py-2 rounded-lg font-medium transition-colors duration-200

Compiling...
Compiled with warnings.

[eslint] 
src/admin/components/InsolvenzantragDownloadButton.tsx
  Line 35:6:  React Hook useEffect has a missing dependency: 'checkPrerequisites'. Either include it or remove the dependency array  react-hooks/exhaustive-deps

Search for the keywords to learn more about each warning.
To ignore, add // eslint-disable-next-line to the line before.

WARNING in [eslint] 
src/admin/components/InsolvenzantragDownloadButton.tsx
  Line 35:6:  React Hook useEffect has a missing dependency: 'checkPrerequisites'. Either include it or remove the dependency array  react-hooks/exhaustive-deps

webpack compiled with 1 warning
No issues found.
